{"__type":"$$EventMessageAudit","id":"04ed1be5-8b2c-42d7-8ca3-185c5d9cc825","ts":"2026-04-17T14:20:51.754+00:00","eventName":"n8n.audit.workflow.executed","message":"n8n.audit.workflow.executed","payload":{"userId":"d49c6802-0c84-46a6-9e08-e371fac1325c","_email":"yvesdsbarbosa44@gmail.com","_firstName":"yves","_lastName":"de Sá","globalRole":"global:owner","workflowId":"5zOIYuMu63ZgsxYI","workflowName":"slr flow","executionId":"12","source":"user-manual"}}
{"__type":"$$EventMessageConfirm","confirm":"04ed1be5-8b2c-42d7-8ca3-185c5d9cc825","ts":"2026-04-17T14:20:51.754+00:00","source":{"id":"0","name":"eventBus"}}
{"__type":"$$EventMessageWorkflow","id":"a5105575-d4ef-405f-9721-5cedb2b04111","ts":"2026-04-17T14:20:51.754+00:00","eventName":"n8n.workflow.started","message":"n8n.workflow.started","payload":{"executionId":"12","workflowId":"5zOIYuMu63ZgsxYI","isManual":false,"mode":"manual","workflowName":"slr flow"}}
{"__type":"$$EventMessageConfirm","confirm":"a5105575-d4ef-405f-9721-5cedb2b04111","ts":"2026-04-17T14:20:51.755+00:00","source":{"id":"0","name":"eventBus"}}
{"__type":"$$EventMessageNode","id":"f0da2358-8302-4e30-8f21-c9619bb171a0","ts":"2026-04-17T14:20:51.760+00:00","eventName":"n8n.node.started","message":"n8n.node.started","payload":{"workflowId":"5zOIYuMu63ZgsxYI","workflowName":"slr flow","executionId":"12","nodeType":"n8n-nodes-base.httpRequest","nodeName":"HTTP Request","nodeId":"629d764b-b230-4e71-aced-20ee44a3a821"}}
{"__type":"$$EventMessageConfirm","confirm":"f0da2358-8302-4e30-8f21-c9619bb171a0","ts":"2026-04-17T14:20:51.760+00:00","source":{"id":"0","name":"eventBus"}}
{"__type":"$$EventMessageNode","id":"db9c36b0-1ef4-420c-bf9a-ae30a0952755","ts":"2026-04-17T10:20:52.498-04:00","eventName":"n8n.node.finished","message":"n8n.node.finished","payload":{"workflowId":"5zOIYuMu63ZgsxYI","workflowName":"slr flow","executionId":"12","nodeType":"n8n-nodes-base.httpRequest","nodeName":"HTTP Request","nodeId":"629d764b-b230-4e71-aced-20ee44a3a821"}}
{"__type":"$$EventMessageConfirm","confirm":"db9c36b0-1ef4-420c-bf9a-ae30a0952755","ts":"2026-04-17T10:20:52.498-04:00","source":{"id":"0","name":"eventBus"}}
{"__type":"$$EventMessageWorkflow","id":"89c26fed-0716-4aa3-abfc-1f4f1490a962","ts":"2026-04-17T10:20:52.500-04:00","eventName":"n8n.workflow.success","message":"n8n.workflow.success","payload":{"userId":"d49c6802-0c84-46a6-9e08-e371fac1325c","executionId":"12","success":true,"isManual":true,"mode":"manual","workflowId":"5zOIYuMu63ZgsxYI","workflowName":"slr flow"}}
{"__type":"$$EventMessageConfirm","confirm":"89c26fed-0716-4aa3-abfc-1f4f1490a962","ts":"2026-04-17T10:20:52.500-04:00","source":{"id":"0","name":"eventBus"}}
{"__type":"$$EventMessageAudit","id":"edf152c9-6546-4b73-bc6e-a8dd527c3f68","ts":"2026-04-17T10:21:48.072-04:00","eventName":"n8n.audit.workflow.executed","message":"n8n.audit.workflow.executed","payload":{"userId":"d49c6802-0c84-46a6-9e08-e371fac1325c","_email":"yvesdsbarbosa44@gmail.com","_firstName":"yves","_lastName":"de Sá","globalRole":"global:owner","workflowId":"5zOIYuMu63ZgsxYI","workflowName":"slr flow","executionId":"13","source":"user-manual"}}
{"__type":"$$EventMessageConfirm","confirm":"edf152c9-6546-4b73-bc6e-a8dd527c3f68","ts":"2026-04-17T10:21:48.072-04:00","source":{"id":"0","name":"eventBus"}}
{"__type":"$$EventMessageWorkflow","id":"df77f645-0879-4c35-9a8f-02046cde0790","ts":"2026-04-17T10:21:48.072-04:00","eventName":"n8n.workflow.started","message":"n8n.workflow.started","payload":{"executionId":"13","workflowId":"5zOIYuMu63ZgsxYI","isManual":false,"mode":"manual","workflowName":"slr flow"}}
{"__type":"$$EventMessageConfirm","confirm":"df77f645-0879-4c35-9a8f-02046cde0790","ts":"2026-04-17T10:21:48.072-04:00","source":{"id":"0","name":"eventBus"}}
{"__type":"$$EventMessageNode","id":"1057f186-4051-4f96-8956-e676c1e7505f","ts":"2026-04-17T10:21:48.080-04:00","eventName":"n8n.node.started","message":"n8n.node.started","payload":{"workflowId":"5zOIYuMu63ZgsxYI","workflowName":"slr flow","executionId":"13","nodeType":"n8n-nodes-base.httpRequest","nodeName":"HTTP Request","nodeId":"629d764b-b230-4e71-aced-20ee44a3a821"}}
{"__type":"$$EventMessageConfirm","confirm":"1057f186-4051-4f96-8956-e676c1e7505f","ts":"2026-04-17T10:21:48.080-04:00","source":{"id":"0","name":"eventBus"}}
{"__type":"$$EventMessageNode","id":"3ec4d69d-0a67-4fa2-b4da-2096ec631b0a","ts":"2026-04-17T10:21:48.699-04:00","eventName":"n8n.node.finished","message":"n8n.node.finished","payload":{"workflowId":"5zOIYuMu63ZgsxYI","workflowName":"slr flow","executionId":"13","nodeType":"n8n-nodes-base.httpRequest","nodeName":"HTTP Request","nodeId":"629d764b-b230-4e71-aced-20ee44a3a821"}}
{"__type":"$$EventMessageConfirm","confirm":"3ec4d69d-0a67-4fa2-b4da-2096ec631b0a","ts":"2026-04-17T10:21:48.699-04:00","source":{"id":"0","name":"eventBus"}}
{"__type":"$$EventMessageWorkflow","id":"515a1b06-571f-4d6b-8745-0206e6d1860f","ts":"2026-04-17T10:21:48.701-04:00","eventName":"n8n.workflow.success","message":"n8n.workflow.success","payload":{"userId":"d49c6802-0c84-46a6-9e08-e371fac1325c","executionId":"13","success":true,"isManual":true,"mode":"manual","workflowId":"5zOIYuMu63ZgsxYI","workflowName":"slr flow"}}
{"__type":"$$EventMessageConfirm","confirm":"515a1b06-571f-4d6b-8745-0206e6d1860f","ts":"2026-04-17T10:21:48.701-04:00","source":{"id":"0","name":"eventBus"}}
{"__type":"$$EventMessageAudit","id":"8bf22191-a146-41d5-adf1-8c04bdeccf22","ts":"2026-04-17T10:22:25.800-04:00","eventName":"n8n.audit.workflow.executed","message":"n8n.audit.workflow.executed","payload":{"userId":"d49c6802-0c84-46a6-9e08-e371fac1325c","_email":"yvesdsbarbosa44@gmail.com","_firstName":"yves","_lastName":"de Sá","globalRole":"global:owner","workflowId":"5zOIYuMu63ZgsxYI","workflowName":"slr flow","executionId":"14","source":"user-manual"}}
{"__type":"$$EventMessageConfirm","confirm":"8bf22191-a146-41d5-adf1-8c04bdeccf22","ts":"2026-04-17T10:22:25.801-04:00","source":{"id":"0","name":"eventBus"}}
{"__type":"$$EventMessageWorkflow","id":"c9b1a9b3-923c-45ef-87d5-e63b2692fdf9","ts":"2026-04-17T10:22:25.801-04:00","eventName":"n8n.workflow.started","message":"n8n.workflow.started","payload":{"executionId":"14","workflowId":"5zOIYuMu63ZgsxYI","isManual":false,"mode":"manual","workflowName":"slr flow"}}
{"__type":"$$EventMessageConfirm","confirm":"c9b1a9b3-923c-45ef-87d5-e63b2692fdf9","ts":"2026-04-17T10:22:25.801-04:00","source":{"id":"0","name":"eventBus"}}
{"__type":"$$EventMessageNode","id":"7946101c-c6c1-4bef-923f-34d63e44dec3","ts":"2026-04-17T10:22:25.810-04:00","eventName":"n8n.node.started","message":"n8n.node.started","payload":{"workflowId":"5zOIYuMu63ZgsxYI","workflowName":"slr flow","executionId":"14","nodeType":"n8n-nodes-base.googleSheetsTrigger","nodeName":"Google Sheets Trigger","nodeId":"a55f10d5-e1da-4efb-b96d-38d8bf72e498"}}
{"__type":"$$EventMessageConfirm","confirm":"7946101c-c6c1-4bef-923f-34d63e44dec3","ts":"2026-04-17T10:22:25.810-04:00","source":{"id":"0","name":"eventBus"}}
{"__type":"$$EventMessageNode","id":"63c17c3c-93af-4c80-b401-f7119e89f35e","ts":"2026-04-17T10:22:27.598-04:00","eventName":"n8n.node.finished","message":"n8n.node.finished","payload":{"workflowId":"5zOIYuMu63ZgsxYI","workflowName":"slr flow","executionId":"14","nodeType":"n8n-nodes-base.googleSheetsTrigger","nodeName":"Google Sheets Trigger","nodeId":"a55f10d5-e1da-4efb-b96d-38d8bf72e498"}}
{"__type":"$$EventMessageConfirm","confirm":"63c17c3c-93af-4c80-b401-f7119e89f35e","ts":"2026-04-17T10:22:27.599-04:00","source":{"id":"0","name":"eventBus"}}
{"__type":"$$EventMessageWorkflow","id":"ffe7efe3-9e45-4c2d-98bc-df9abac4fd6c","ts":"2026-04-17T10:22:27.599-04:00","eventName":"n8n.workflow.success","message":"n8n.workflow.success","payload":{"userId":"d49c6802-0c84-46a6-9e08-e371fac1325c","executionId":"14","success":true,"isManual":true,"mode":"manual","workflowId":"5zOIYuMu63ZgsxYI","workflowName":"slr flow"}}
{"__type":"$$EventMessageConfirm","confirm":"ffe7efe3-9e45-4c2d-98bc-df9abac4fd6c","ts":"2026-04-17T10:22:27.599-04:00","source":{"id":"0","name":"eventBus"}}
{"__type":"$$EventMessageAudit","id":"56047d06-d171-4e78-b4ed-f34f757778d4","ts":"2026-04-17T10:22:30.432-04:00","eventName":"n8n.audit.workflow.executed","message":"n8n.audit.workflow.executed","payload":{"userId":"d49c6802-0c84-46a6-9e08-e371fac1325c","_email":"yvesdsbarbosa44@gmail.com","_firstName":"yves","_lastName":"de Sá","globalRole":"global:owner","workflowId":"5zOIYuMu63ZgsxYI","workflowName":"slr flow","executionId":"15","source":"user-manual"}}
{"__type":"$$EventMessageConfirm","confirm":"56047d06-d171-4e78-b4ed-f34f757778d4","ts":"2026-04-17T10:22:30.432-04:00","source":{"id":"0","name":"eventBus"}}
{"__type":"$$EventMessageWorkflow","id":"1adf5765-99e1-41fa-971e-5f26ffd93410","ts":"2026-04-17T10:22:30.432-04:00","eventName":"n8n.workflow.started","message":"n8n.workflow.started","payload":{"executionId":"15","workflowId":"5zOIYuMu63ZgsxYI","isManual":false,"mode":"manual","workflowName":"slr flow"}}
{"__type":"$$EventMessageConfirm","confirm":"1adf5765-99e1-41fa-971e-5f26ffd93410","ts":"2026-04-17T10:22:30.432-04:00","source":{"id":"0","name":"eventBus"}}
{"__type":"$$EventMessageNode","id":"dda62750-1358-4dcd-8bfe-dd8b2b9d5e9d","ts":"2026-04-17T10:22:30.441-04:00","eventName":"n8n.node.started","message":"n8n.node.started","payload":{"workflowId":"5zOIYuMu63ZgsxYI","workflowName":"slr flow","executionId":"15","nodeType":"n8n-nodes-base.googleSheetsTrigger","nodeName":"Google Sheets Trigger","nodeId":"a55f10d5-e1da-4efb-b96d-38d8bf72e498"}}
{"__type":"$$EventMessageConfirm","confirm":"dda62750-1358-4dcd-8bfe-dd8b2b9d5e9d","ts":"2026-04-17T10:22:30.441-04:00","source":{"id":"0","name":"eventBus"}}
{"__type":"$$EventMessageNode","id":"f639f4de-92a6-40d6-acfe-94ad188d7b89","ts":"2026-04-17T10:22:31.318-04:00","eventName":"n8n.node.finished","message":"n8n.node.finished","payload":{"workflowId":"5zOIYuMu63ZgsxYI","workflowName":"slr flow","executionId":"15","nodeType":"n8n-nodes-base.googleSheetsTrigger","nodeName":"Google Sheets Trigger","nodeId":"a55f10d5-e1da-4efb-b96d-38d8bf72e498"}}
{"__type":"$$EventMessageConfirm","confirm":"f639f4de-92a6-40d6-acfe-94ad188d7b89","ts":"2026-04-17T10:22:31.318-04:00","source":{"id":"0","name":"eventBus"}}
{"__type":"$$EventMessageNode","id":"7c61021e-250d-44e2-ac7e-6ffca41190e2","ts":"2026-04-17T10:22:31.318-04:00","eventName":"n8n.node.started","message":"n8n.node.started","payload":{"workflowId":"5zOIYuMu63ZgsxYI","workflowName":"slr flow","executionId":"15","nodeType":"n8n-nodes-base.filter","nodeName":"Filter","nodeId":"41959af4-f929-42fc-9046-323eddeefb72"}}
{"__type":"$$EventMessageConfirm","confirm":"7c61021e-250d-44e2-ac7e-6ffca41190e2","ts":"2026-04-17T10:22:31.318-04:00","source":{"id":"0","name":"eventBus"}}
{"__type":"$$EventMessageNode","id":"bb8656a9-d003-4b00-8a80-72c28ceca129","ts":"2026-04-17T10:22:31.322-04:00","eventName":"n8n.node.finished","message":"n8n.node.finished","payload":{"workflowId":"5zOIYuMu63ZgsxYI","workflowName":"slr flow","executionId":"15","nodeType":"n8n-nodes-base.filter","nodeName":"Filter","nodeId":"41959af4-f929-42fc-9046-323eddeefb72"}}
{"__type":"$$EventMessageConfirm","confirm":"bb8656a9-d003-4b00-8a80-72c28ceca129","ts":"2026-04-17T10:22:31.322-04:00","source":{"id":"0","name":"eventBus"}}
{"__type":"$$EventMessageNode","id":"df29a6af-de93-4514-9b5e-0cb9e404d6d3","ts":"2026-04-17T10:22:31.323-04:00","eventName":"n8n.node.started","message":"n8n.node.started","payload":{"workflowId":"5zOIYuMu63ZgsxYI","workflowName":"slr flow","executionId":"15","nodeType":"n8n-nodes-base.httpRequest","nodeName":"HTTP Request","nodeId":"629d764b-b230-4e71-aced-20ee44a3a821"}}
{"__type":"$$EventMessageConfirm","confirm":"df29a6af-de93-4514-9b5e-0cb9e404d6d3","ts":"2026-04-17T10:22:31.323-04:00","source":{"id":"0","name":"eventBus"}}
{"__type":"$$EventMessageNode","id":"1251f888-8a75-4aba-8902-62104577bede","ts":"2026-04-17T10:22:32.019-04:00","eventName":"n8n.node.finished","message":"n8n.node.finished","payload":{"workflowId":"5zOIYuMu63ZgsxYI","workflowName":"slr flow","executionId":"15","nodeType":"n8n-nodes-base.httpRequest","nodeName":"HTTP Request","nodeId":"629d764b-b230-4e71-aced-20ee44a3a821"}}
{"__type":"$$EventMessageConfirm","confirm":"1251f888-8a75-4aba-8902-62104577bede","ts":"2026-04-17T10:22:32.019-04:00","source":{"id":"0","name":"eventBus"}}
{"__type":"$$EventMessageWorkflow","id":"915f6237-3501-42f7-9b4f-23e5b38e0730","ts":"2026-04-17T10:22:32.020-04:00","eventName":"n8n.workflow.success","message":"n8n.workflow.success","payload":{"userId":"d49c6802-0c84-46a6-9e08-e371fac1325c","executionId":"15","success":true,"isManual":true,"mode":"manual","workflowId":"5zOIYuMu63ZgsxYI","workflowName":"slr flow"}}
{"__type":"$$EventMessageConfirm","confirm":"915f6237-3501-42f7-9b4f-23e5b38e0730","ts":"2026-04-17T10:22:32.020-04:00","source":{"id":"0","name":"eventBus"}}
{"__type":"$$EventMessageAudit","id":"ff343b38-375d-4242-959c-c84c7483c994","ts":"2026-04-17T10:25:39.283-04:00","eventName":"n8n.audit.workflow.executed","message":"n8n.audit.workflow.executed","payload":{"userId":"d49c6802-0c84-46a6-9e08-e371fac1325c","_email":"yvesdsbarbosa44@gmail.com","_firstName":"yves","_lastName":"de Sá","globalRole":"global:owner","workflowId":"5zOIYuMu63ZgsxYI","workflowName":"slr flow","executionId":"16","source":"user-manual"}}
{"__type":"$$EventMessageConfirm","confirm":"ff343b38-375d-4242-959c-c84c7483c994","ts":"2026-04-17T10:25:39.283-04:00","source":{"id":"0","name":"eventBus"}}
{"__type":"$$EventMessageWorkflow","id":"c0d64b68-1c73-4f9a-bb3a-095a95d16656","ts":"2026-04-17T10:25:39.284-04:00","eventName":"n8n.workflow.started","message":"n8n.workflow.started","payload":{"executionId":"16","workflowId":"5zOIYuMu63ZgsxYI","isManual":false,"mode":"manual","workflowName":"slr flow"}}
{"__type":"$$EventMessageConfirm","confirm":"c0d64b68-1c73-4f9a-bb3a-095a95d16656","ts":"2026-04-17T10:25:39.284-04:00","source":{"id":"0","name":"eventBus"}}
{"__type":"$$EventMessageNode","id":"0b3fb500-19a7-42da-9c52-a4f6c9c02a59","ts":"2026-04-17T10:25:39.289-04:00","eventName":"n8n.node.started","message":"n8n.node.started","payload":{"workflowId":"5zOIYuMu63ZgsxYI","workflowName":"slr flow","executionId":"16","nodeType":"n8n-nodes-base.googleSheetsTrigger","nodeName":"Google Sheets Trigger","nodeId":"a55f10d5-e1da-4efb-b96d-38d8bf72e498"}}
{"__type":"$$EventMessageConfirm","confirm":"0b3fb500-19a7-42da-9c52-a4f6c9c02a59","ts":"2026-04-17T10:25:39.289-04:00","source":{"id":"0","name":"eventBus"}}
{"__type":"$$EventMessageNode","id":"b9575535-2e54-48d5-94bd-2b460a9079ea","ts":"2026-04-17T10:25:40.420-04:00","eventName":"n8n.node.finished","message":"n8n.node.finished","payload":{"workflowId":"5zOIYuMu63ZgsxYI","workflowName":"slr flow","executionId":"16","nodeType":"n8n-nodes-base.googleSheetsTrigger","nodeName":"Google Sheets Trigger","nodeId":"a55f10d5-e1da-4efb-b96d-38d8bf72e498"}}
{"__type":"$$EventMessageConfirm","confirm":"b9575535-2e54-48d5-94bd-2b460a9079ea","ts":"2026-04-17T10:25:40.421-04:00","source":{"id":"0","name":"eventBus"}}
{"__type":"$$EventMessageNode","id":"27bda978-5b7c-4b47-b107-96c761559fc9","ts":"2026-04-17T10:25:40.421-04:00","eventName":"n8n.node.started","message":"n8n.node.started","payload":{"workflowId":"5zOIYuMu63ZgsxYI","workflowName":"slr flow","executionId":"16","nodeType":"n8n-nodes-base.filter","nodeName":"Filter","nodeId":"41959af4-f929-42fc-9046-323eddeefb72"}}
{"__type":"$$EventMessageConfirm","confirm":"27bda978-5b7c-4b47-b107-96c761559fc9","ts":"2026-04-17T10:25:40.421-04:00","source":{"id":"0","name":"eventBus"}}
{"__type":"$$EventMessageNode","id":"77208662-31c6-48e8-b5b0-55b633fc24e6","ts":"2026-04-17T10:25:40.422-04:00","eventName":"n8n.node.finished","message":"n8n.node.finished","payload":{"workflowId":"5zOIYuMu63ZgsxYI","workflowName":"slr flow","executionId":"16","nodeType":"n8n-nodes-base.filter","nodeName":"Filter","nodeId":"41959af4-f929-42fc-9046-323eddeefb72"}}
{"__type":"$$EventMessageConfirm","confirm":"77208662-31c6-48e8-b5b0-55b633fc24e6","ts":"2026-04-17T10:25:40.422-04:00","source":{"id":"0","name":"eventBus"}}
{"__type":"$$EventMessageNode","id":"f5c5cbe4-5e03-425c-9b3b-cfaa6bb3b552","ts":"2026-04-17T10:25:40.422-04:00","eventName":"n8n.node.started","message":"n8n.node.started","payload":{"workflowId":"5zOIYuMu63ZgsxYI","workflowName":"slr flow","executionId":"16","nodeType":"n8n-nodes-base.httpRequest","nodeName":"HTTP Request","nodeId":"629d764b-b230-4e71-aced-20ee44a3a821"}}
{"__type":"$$EventMessageConfirm","confirm":"f5c5cbe4-5e03-425c-9b3b-cfaa6bb3b552","ts":"2026-04-17T10:25:40.422-04:00","source":{"id":"0","name":"eventBus"}}
{"__type":"$$EventMessageNode","id":"f6c3ce72-feb2-4b04-b84d-ce612d577b68","ts":"2026-04-17T10:25:41.092-04:00","eventName":"n8n.node.finished","message":"n8n.node.finished","payload":{"workflowId":"5zOIYuMu63ZgsxYI","workflowName":"slr flow","executionId":"16","nodeType":"n8n-nodes-base.httpRequest","nodeName":"HTTP Request","nodeId":"629d764b-b230-4e71-aced-20ee44a3a821"}}
{"__type":"$$EventMessageConfirm","confirm":"f6c3ce72-feb2-4b04-b84d-ce612d577b68","ts":"2026-04-17T10:25:41.092-04:00","source":{"id":"0","name":"eventBus"}}
{"__type":"$$EventMessageWorkflow","id":"914b0037-fa7f-42c1-a767-cf91cd71ea3c","ts":"2026-04-17T10:25:41.094-04:00","eventName":"n8n.workflow.success","message":"n8n.workflow.success","payload":{"userId":"d49c6802-0c84-46a6-9e08-e371fac1325c","executionId":"16","success":true,"isManual":true,"mode":"manual","workflowId":"5zOIYuMu63ZgsxYI","workflowName":"slr flow"}}
{"__type":"$$EventMessageConfirm","confirm":"914b0037-fa7f-42c1-a767-cf91cd71ea3c","ts":"2026-04-17T10:25:41.094-04:00","source":{"id":"0","name":"eventBus"}}
{"__type":"$$EventMessageAudit","id":"63f48f4a-c331-49b5-8491-a839b1c43583","ts":"2026-04-17T10:27:35.751-04:00","eventName":"n8n.audit.workflow.updated","message":"n8n.audit.workflow.updated","payload":{"userId":"d49c6802-0c84-46a6-9e08-e371fac1325c","_email":"yvesdsbarbosa44@gmail.com","_firstName":"yves","_lastName":"de Sá","globalRole":"global:owner","workflowId":"5zOIYuMu63ZgsxYI","workflowName":"slr flow"}}
{"__type":"$$EventMessageConfirm","confirm":"63f48f4a-c331-49b5-8491-a839b1c43583","ts":"2026-04-17T10:27:35.751-04:00","source":{"id":"0","name":"eventBus"}}
{"__type":"$$EventMessageAudit","id":"af70318e-448d-4685-bc8d-cde11363f6af","ts":"2026-04-17T10:27:42.619-04:00","eventName":"n8n.audit.workflow.updated","message":"n8n.audit.workflow.updated","payload":{"userId":"d49c6802-0c84-46a6-9e08-e371fac1325c","_email":"yvesdsbarbosa44@gmail.com","_firstName":"yves","_lastName":"de Sá","globalRole":"global:owner","workflowId":"5zOIYuMu63ZgsxYI","workflowName":"slr flow"}}
{"__type":"$$EventMessageConfirm","confirm":"af70318e-448d-4685-bc8d-cde11363f6af","ts":"2026-04-17T10:27:42.619-04:00","source":{"id":"0","name":"eventBus"}}
{"__type":"$$EventMessageAudit","id":"d748a840-a26a-42a5-84bf-4dfbf0dd72b6","ts":"2026-04-17T10:30:50.476-04:00","eventName":"n8n.audit.workflow.updated","message":"n8n.audit.workflow.updated","payload":{"userId":"d49c6802-0c84-46a6-9e08-e371fac1325c","_email":"yvesdsbarbosa44@gmail.com","_firstName":"yves","_lastName":"de Sá","globalRole":"global:owner","workflowId":"5zOIYuMu63ZgsxYI","workflowName":"slr flow"}}
{"__type":"$$EventMessageConfirm","confirm":"d748a840-a26a-42a5-84bf-4dfbf0dd72b6","ts":"2026-04-17T10:30:50.476-04:00","source":{"id":"0","name":"eventBus"}}
{"__type":"$$EventMessageWorkflow","id":"30c84cf1-1e3d-436f-a4a1-7baa1dac8bed","ts":"2026-04-17T10:31:17.032-04:00","eventName":"n8n.workflow.failed","message":"n8n.workflow.failed","payload":{"userId":"d49c6802-0c84-46a6-9e08-e371fac1325c","executionId":"17","success":false,"isManual":true,"mode":"manual","workflowId":"5zOIYuMu63ZgsxYI","workflowName":"slr flow","errorMessage":"The workflow has issues and cannot be executed for that reason. Please fix them first."}}
{"__type":"$$EventMessageConfirm","confirm":"30c84cf1-1e3d-436f-a4a1-7baa1dac8bed","ts":"2026-04-17T10:31:17.032-04:00","source":{"id":"0","name":"eventBus"}}
{"__type":"$$EventMessageAudit","id":"ae80dcbe-fd19-4865-99f5-aa57f72eee51","ts":"2026-04-17T10:31:23.302-04:00","eventName":"n8n.audit.workflow.updated","message":"n8n.audit.workflow.updated","payload":{"userId":"d49c6802-0c84-46a6-9e08-e371fac1325c","_email":"yvesdsbarbosa44@gmail.com","_firstName":"yves","_lastName":"de Sá","globalRole":"global:owner","workflowId":"5zOIYuMu63ZgsxYI","workflowName":"slr flow"}}
{"__type":"$$EventMessageConfirm","confirm":"ae80dcbe-fd19-4865-99f5-aa57f72eee51","ts":"2026-04-17T10:31:23.302-04:00","source":{"id":"0","name":"eventBus"}}
{"__type":"$$EventMessageAudit","id":"d0953421-0552-43fd-8c22-b3823c4bfeb3","ts":"2026-04-17T10:31:23.446-04:00","eventName":"n8n.audit.workflow.executed","message":"n8n.audit.workflow.executed","payload":{"userId":"d49c6802-0c84-46a6-9e08-e371fac1325c","_email":"yvesdsbarbosa44@gmail.com","_firstName":"yves","_lastName":"de Sá","globalRole":"global:owner","workflowId":"5zOIYuMu63ZgsxYI","workflowName":"slr flow","executionId":"18","source":"user-manual"}}
{"__type":"$$EventMessageConfirm","confirm":"d0953421-0552-43fd-8c22-b3823c4bfeb3","ts":"2026-04-17T10:31:23.446-04:00","source":{"id":"0","name":"eventBus"}}
{"__type":"$$EventMessageWorkflow","id":"2fb61fa6-acc8-47d6-a512-7cfa022b7ab2","ts":"2026-04-17T10:31:23.446-04:00","eventName":"n8n.workflow.started","message":"n8n.workflow.started","payload":{"executionId":"18","workflowId":"5zOIYuMu63ZgsxYI","isManual":false,"mode":"manual","workflowName":"slr flow"}}
{"__type":"$$EventMessageConfirm","confirm":"2fb61fa6-acc8-47d6-a512-7cfa022b7ab2","ts":"2026-04-17T10:31:23.446-04:00","source":{"id":"0","name":"eventBus"}}
{"__type":"$$EventMessageNode","id":"83ab65f0-95d1-4b34-bca2-4fcc8fb64828","ts":"2026-04-17T10:31:23.453-04:00","eventName":"n8n.node.started","message":"n8n.node.started","payload":{"workflowId":"5zOIYuMu63ZgsxYI","workflowName":"slr flow","executionId":"18","nodeType":"n8n-nodes-base.googleSheetsTrigger","nodeName":"Google Sheets Trigger","nodeId":"a55f10d5-e1da-4efb-b96d-38d8bf72e498"}}
{"__type":"$$EventMessageConfirm","confirm":"83ab65f0-95d1-4b34-bca2-4fcc8fb64828","ts":"2026-04-17T10:31:23.453-04:00","source":{"id":"0","name":"eventBus"}}
{"__type":"$$EventMessageNode","id":"5ce41b89-1fbb-4b2c-9965-680d565b732f","ts":"2026-04-17T10:31:24.620-04:00","eventName":"n8n.node.finished","message":"n8n.node.finished","payload":{"workflowId":"5zOIYuMu63ZgsxYI","workflowName":"slr flow","executionId":"18","nodeType":"n8n-nodes-base.googleSheetsTrigger","nodeName":"Google Sheets Trigger","nodeId":"a55f10d5-e1da-4efb-b96d-38d8bf72e498"}}
{"__type":"$$EventMessageConfirm","confirm":"5ce41b89-1fbb-4b2c-9965-680d565b732f","ts":"2026-04-17T10:31:24.620-04:00","source":{"id":"0","name":"eventBus"}}
{"__type":"$$EventMessageNode","id":"99278f3f-bd45-41c9-bd84-1c552ee3445c","ts":"2026-04-17T10:31:24.620-04:00","eventName":"n8n.node.started","message":"n8n.node.started","payload":{"workflowId":"5zOIYuMu63ZgsxYI","workflowName":"slr flow","executionId":"18","nodeType":"n8n-nodes-base.filter","nodeName":"Filter","nodeId":"41959af4-f929-42fc-9046-323eddeefb72"}}
{"__type":"$$EventMessageConfirm","confirm":"99278f3f-bd45-41c9-bd84-1c552ee3445c","ts":"2026-04-17T10:31:24.620-04:00","source":{"id":"0","name":"eventBus"}}
{"__type":"$$EventMessageNode","id":"011ad985-def9-4ba4-9153-e3aff8a5cf50","ts":"2026-04-17T10:31:24.622-04:00","eventName":"n8n.node.finished","message":"n8n.node.finished","payload":{"workflowId":"5zOIYuMu63ZgsxYI","workflowName":"slr flow","executionId":"18","nodeType":"n8n-nodes-base.filter","nodeName":"Filter","nodeId":"41959af4-f929-42fc-9046-323eddeefb72"}}
{"__type":"$$EventMessageConfirm","confirm":"011ad985-def9-4ba4-9153-e3aff8a5cf50","ts":"2026-04-17T10:31:24.622-04:00","source":{"id":"0","name":"eventBus"}}
{"__type":"$$EventMessageNode","id":"e18e3b1c-dd01-47d7-a61e-d0db13a27680","ts":"2026-04-17T10:31:24.622-04:00","eventName":"n8n.node.started","message":"n8n.node.started","payload":{"workflowId":"5zOIYuMu63ZgsxYI","workflowName":"slr flow","executionId":"18","nodeType":"n8n-nodes-base.httpRequest","nodeName":"HTTP Request","nodeId":"629d764b-b230-4e71-aced-20ee44a3a821"}}
{"__type":"$$EventMessageConfirm","confirm":"e18e3b1c-dd01-47d7-a61e-d0db13a27680","ts":"2026-04-17T10:31:24.622-04:00","source":{"id":"0","name":"eventBus"}}
{"__type":"$$EventMessageNode","id":"1f46edb1-6ba9-47b3-a891-e1eb20addbb6","ts":"2026-04-17T10:31:25.522-04:00","eventName":"n8n.node.finished","message":"n8n.node.finished","payload":{"workflowId":"5zOIYuMu63ZgsxYI","workflowName":"slr flow","executionId":"18","nodeType":"n8n-nodes-base.httpRequest","nodeName":"HTTP Request","nodeId":"629d764b-b230-4e71-aced-20ee44a3a821"}}
{"__type":"$$EventMessageConfirm","confirm":"1f46edb1-6ba9-47b3-a891-e1eb20addbb6","ts":"2026-04-17T10:31:25.522-04:00","source":{"id":"0","name":"eventBus"}}
{"__type":"$$EventMessageWorkflow","id":"c20c561c-b878-4735-8ec2-ccbd36d83855","ts":"2026-04-17T10:31:25.523-04:00","eventName":"n8n.workflow.success","message":"n8n.workflow.success","payload":{"userId":"d49c6802-0c84-46a6-9e08-e371fac1325c","executionId":"18","success":true,"isManual":true,"mode":"manual","workflowId":"5zOIYuMu63ZgsxYI","workflowName":"slr flow"}}
{"__type":"$$EventMessageConfirm","confirm":"c20c561c-b878-4735-8ec2-ccbd36d83855","ts":"2026-04-17T10:31:25.523-04:00","source":{"id":"0","name":"eventBus"}}
{"__type":"$$EventMessageAudit","id":"2968dc97-f8c5-4236-9d38-2e7a26c7fee4","ts":"2026-04-17T10:32:02.437-04:00","eventName":"n8n.audit.workflow.updated","message":"n8n.audit.workflow.updated","payload":{"userId":"d49c6802-0c84-46a6-9e08-e371fac1325c","_email":"yvesdsbarbosa44@gmail.com","_firstName":"yves","_lastName":"de Sá","globalRole":"global:owner","workflowId":"5zOIYuMu63ZgsxYI","workflowName":"slr flow"}}
{"__type":"$$EventMessageConfirm","confirm":"2968dc97-f8c5-4236-9d38-2e7a26c7fee4","ts":"2026-04-17T10:32:02.437-04:00","source":{"id":"0","name":"eventBus"}}
{"__type":"$$EventMessageWorkflow","id":"b4a57162-e99c-4366-a6de-e0353de108e9","ts":"2026-04-17T10:32:11.795-04:00","eventName":"n8n.workflow.failed","message":"n8n.workflow.failed","payload":{"userId":"d49c6802-0c84-46a6-9e08-e371fac1325c","executionId":"19","success":false,"isManual":true,"mode":"manual","workflowId":"5zOIYuMu63ZgsxYI","workflowName":"slr flow","errorMessage":"The workflow has issues and cannot be executed for that reason. Please fix them first."}}
{"__type":"$$EventMessageConfirm","confirm":"b4a57162-e99c-4366-a6de-e0353de108e9","ts":"2026-04-17T10:32:11.796-04:00","source":{"id":"0","name":"eventBus"}}
{"__type":"$$EventMessageAudit","id":"360b2e6e-fde8-4d78-aeb6-779f7017dc9a","ts":"2026-04-17T10:32:17.052-04:00","eventName":"n8n.audit.workflow.executed","message":"n8n.audit.workflow.executed","payload":{"userId":"d49c6802-0c84-46a6-9e08-e371fac1325c","_email":"yvesdsbarbosa44@gmail.com","_firstName":"yves","_lastName":"de Sá","globalRole":"global:owner","workflowId":"5zOIYuMu63ZgsxYI","workflowName":"slr flow","executionId":"20","source":"user-manual"}}
{"__type":"$$EventMessageConfirm","confirm":"360b2e6e-fde8-4d78-aeb6-779f7017dc9a","ts":"2026-04-17T10:32:17.053-04:00","source":{"id":"0","name":"eventBus"}}
{"__type":"$$EventMessageWorkflow","id":"071f6652-6906-455a-841b-57b305bcfbfb","ts":"2026-04-17T10:32:17.053-04:00","eventName":"n8n.workflow.started","message":"n8n.workflow.started","payload":{"executionId":"20","workflowId":"5zOIYuMu63ZgsxYI","isManual":false,"mode":"manual","workflowName":"slr flow"}}
{"__type":"$$EventMessageConfirm","confirm":"071f6652-6906-455a-841b-57b305bcfbfb","ts":"2026-04-17T10:32:17.053-04:00","source":{"id":"0","name":"eventBus"}}
{"__type":"$$EventMessageNode","id":"47ac2e39-8365-438a-9eca-914c12797389","ts":"2026-04-17T10:32:17.060-04:00","eventName":"n8n.node.started","message":"n8n.node.started","payload":{"workflowId":"5zOIYuMu63ZgsxYI","workflowName":"slr flow","executionId":"20","nodeType":"n8n-nodes-base.googleSheetsTrigger","nodeName":"Google Sheets Trigger","nodeId":"a55f10d5-e1da-4efb-b96d-38d8bf72e498"}}
{"__type":"$$EventMessageConfirm","confirm":"47ac2e39-8365-438a-9eca-914c12797389","ts":"2026-04-17T10:32:17.060-04:00","source":{"id":"0","name":"eventBus"}}
{"__type":"$$EventMessageNode","id":"198de9de-8223-43ad-a7e6-df723dfe0f4b","ts":"2026-04-17T10:32:18.014-04:00","eventName":"n8n.node.finished","message":"n8n.node.finished","payload":{"workflowId":"5zOIYuMu63ZgsxYI","workflowName":"slr flow","executionId":"20","nodeType":"n8n-nodes-base.googleSheetsTrigger","nodeName":"Google Sheets Trigger","nodeId":"a55f10d5-e1da-4efb-b96d-38d8bf72e498"}}
{"__type":"$$EventMessageConfirm","confirm":"198de9de-8223-43ad-a7e6-df723dfe0f4b","ts":"2026-04-17T10:32:18.014-04:00","source":{"id":"0","name":"eventBus"}}
{"__type":"$$EventMessageWorkflow","id":"98a5a1e5-574f-4bb4-9737-b09fa6b253d2","ts":"2026-04-17T10:32:18.015-04:00","eventName":"n8n.workflow.success","message":"n8n.workflow.success","payload":{"userId":"d49c6802-0c84-46a6-9e08-e371fac1325c","executionId":"20","success":true,"isManual":true,"mode":"manual","workflowId":"5zOIYuMu63ZgsxYI","workflowName":"slr flow"}}
{"__type":"$$EventMessageConfirm","confirm":"98a5a1e5-574f-4bb4-9737-b09fa6b253d2","ts":"2026-04-17T10:32:18.015-04:00","source":{"id":"0","name":"eventBus"}}
{"__type":"$$EventMessageAudit","id":"23d8ec22-fc93-4f5f-88fd-a563c8275e16","ts":"2026-04-17T10:32:23.148-04:00","eventName":"n8n.audit.workflow.updated","message":"n8n.audit.workflow.updated","payload":{"userId":"d49c6802-0c84-46a6-9e08-e371fac1325c","_email":"yvesdsbarbosa44@gmail.com","_firstName":"yves","_lastName":"de Sá","globalRole":"global:owner","workflowId":"5zOIYuMu63ZgsxYI","workflowName":"slr flow"}}
{"__type":"$$EventMessageConfirm","confirm":"23d8ec22-fc93-4f5f-88fd-a563c8275e16","ts":"2026-04-17T10:32:23.148-04:00","source":{"id":"0","name":"eventBus"}}
{"__type":"$$EventMessageWorkflow","id":"52fe0743-e2e4-41de-8c7b-cae4fb7ba19d","ts":"2026-04-17T10:32:23.185-04:00","eventName":"n8n.workflow.failed","message":"n8n.workflow.failed","payload":{"userId":"d49c6802-0c84-46a6-9e08-e371fac1325c","executionId":"21","success":false,"isManual":true,"mode":"manual","workflowId":"5zOIYuMu63ZgsxYI","workflowName":"slr flow","errorMessage":"The workflow has issues and cannot be executed for that reason. Please fix them first."}}
{"__type":"$$EventMessageConfirm","confirm":"52fe0743-e2e4-41de-8c7b-cae4fb7ba19d","ts":"2026-04-17T10:32:23.185-04:00","source":{"id":"0","name":"eventBus"}}
{"__type":"$$EventMessageAudit","id":"3eb1d24a-2953-4f14-b2fb-b17c4e2367e4","ts":"2026-04-17T10:33:46.519-04:00","eventName":"n8n.audit.user.credentials.created","message":"n8n.audit.user.credentials.created","payload":{"userId":"d49c6802-0c84-46a6-9e08-e371fac1325c","_email":"yvesdsbarbosa44@gmail.com","_firstName":"yves","_lastName":"de Sá","globalRole":"global:owner","credentialType":"googleSheetsOAuth2Api","credentialId":"vhVAIpGAiCsvSQj5","publicApi":false,"projectId":"w9h4dFdD8N5rsxgp","projectType":"personal","isDynamic":false}}
{"__type":"$$EventMessageConfirm","confirm":"3eb1d24a-2953-4f14-b2fb-b17c4e2367e4","ts":"2026-04-17T10:33:46.519-04:00","source":{"id":"0","name":"eventBus"}}
{"__type":"$$EventMessageAudit","id":"1263c894-d6c7-4a21-8fc3-511ef392f2e8","ts":"2026-04-17T10:33:48.108-04:00","eventName":"n8n.audit.workflow.updated","message":"n8n.audit.workflow.updated","payload":{"userId":"d49c6802-0c84-46a6-9e08-e371fac1325c","_email":"yvesdsbarbosa44@gmail.com","_firstName":"yves","_lastName":"de Sá","globalRole":"global:owner","workflowId":"5zOIYuMu63ZgsxYI","workflowName":"slr flow"}}
{"__type":"$$EventMessageConfirm","confirm":"1263c894-d6c7-4a21-8fc3-511ef392f2e8","ts":"2026-04-17T10:33:48.108-04:00","source":{"id":"0","name":"eventBus"}}
{"__type":"$$EventMessageAudit","id":"fb9cc6b7-272f-43ed-afc7-a1e5cfaf68e1","ts":"2026-04-17T10:34:30.667-04:00","eventName":"n8n.audit.user.credentials.updated","message":"n8n.audit.user.credentials.updated","payload":{"userId":"d49c6802-0c84-46a6-9e08-e371fac1325c","_email":"yvesdsbarbosa44@gmail.com","_firstName":"yves","_lastName":"de Sá","globalRole":"global:owner","credentialType":"googleSheetsOAuth2Api","credentialId":"vhVAIpGAiCsvSQj5","isDynamic":false}}
{"__type":"$$EventMessageConfirm","confirm":"fb9cc6b7-272f-43ed-afc7-a1e5cfaf68e1","ts":"2026-04-17T10:34:30.667-04:00","source":{"id":"0","name":"eventBus"}}
{"__type":"$$EventMessageAudit","id":"9336edd7-85d5-4056-bdd6-f56938c83ca3","ts":"2026-04-17T10:34:54.619-04:00","eventName":"n8n.audit.workflow.updated","message":"n8n.audit.workflow.updated","payload":{"userId":"d49c6802-0c84-46a6-9e08-e371fac1325c","_email":"yvesdsbarbosa44@gmail.com","_firstName":"yves","_lastName":"de Sá","globalRole":"global:owner","workflowId":"5zOIYuMu63ZgsxYI","workflowName":"slr flow"}}
{"__type":"$$EventMessageConfirm","confirm":"9336edd7-85d5-4056-bdd6-f56938c83ca3","ts":"2026-04-17T10:34:54.619-04:00","source":{"id":"0","name":"eventBus"}}
{"__type":"$$EventMessageAudit","id":"f1085975-d2d8-4d18-a8bc-47c8f18e4da1","ts":"2026-04-17T10:34:58.249-04:00","eventName":"n8n.audit.workflow.updated","message":"n8n.audit.workflow.updated","payload":{"userId":"d49c6802-0c84-46a6-9e08-e371fac1325c","_email":"yvesdsbarbosa44@gmail.com","_firstName":"yves","_lastName":"de Sá","globalRole":"global:owner","workflowId":"5zOIYuMu63ZgsxYI","workflowName":"slr flow"}}
{"__type":"$$EventMessageConfirm","confirm":"f1085975-d2d8-4d18-a8bc-47c8f18e4da1","ts":"2026-04-17T10:34:58.249-04:00","source":{"id":"0","name":"eventBus"}}
{"__type":"$$EventMessageAudit","id":"060a641c-f11f-4428-b921-d463645fe8e1","ts":"2026-04-17T10:35:03.470-04:00","eventName":"n8n.audit.workflow.updated","message":"n8n.audit.workflow.updated","payload":{"userId":"d49c6802-0c84-46a6-9e08-e371fac1325c","_email":"yvesdsbarbosa44@gmail.com","_firstName":"yves","_lastName":"de Sá","globalRole":"global:owner","workflowId":"5zOIYuMu63ZgsxYI","workflowName":"slr flow"}}
{"__type":"$$EventMessageConfirm","confirm":"060a641c-f11f-4428-b921-d463645fe8e1","ts":"2026-04-17T10:35:03.470-04:00","source":{"id":"0","name":"eventBus"}}
{"__type":"$$EventMessageAudit","id":"437b7e31-fb67-4d0a-aee6-88bdbf274e32","ts":"2026-04-17T10:35:06.211-04:00","eventName":"n8n.audit.workflow.updated","message":"n8n.audit.workflow.updated","payload":{"userId":"d49c6802-0c84-46a6-9e08-e371fac1325c","_email":"yvesdsbarbosa44@gmail.com","_firstName":"yves","_lastName":"de Sá","globalRole":"global:owner","workflowId":"5zOIYuMu63ZgsxYI","workflowName":"slr flow"}}
{"__type":"$$EventMessageConfirm","confirm":"437b7e31-fb67-4d0a-aee6-88bdbf274e32","ts":"2026-04-17T10:35:06.211-04:00","source":{"id":"0","name":"eventBus"}}
{"__type":"$$EventMessageAudit","id":"4e9fff8e-a2fd-4071-9bc2-33d7bb5f92f6","ts":"2026-04-17T10:35:08.883-04:00","eventName":"n8n.audit.workflow.updated","message":"n8n.audit.workflow.updated","payload":{"userId":"d49c6802-0c84-46a6-9e08-e371fac1325c","_email":"yvesdsbarbosa44@gmail.com","_firstName":"yves","_lastName":"de Sá","globalRole":"global:owner","workflowId":"5zOIYuMu63ZgsxYI","workflowName":"slr flow"}}
{"__type":"$$EventMessageConfirm","confirm":"4e9fff8e-a2fd-4071-9bc2-33d7bb5f92f6","ts":"2026-04-17T10:35:08.883-04:00","source":{"id":"0","name":"eventBus"}}
{"__type":"$$EventMessageAudit","id":"4bd75e57-6399-4e67-96ca-cb09350f658b","ts":"2026-04-17T10:35:11.565-04:00","eventName":"n8n.audit.workflow.updated","message":"n8n.audit.workflow.updated","payload":{"userId":"d49c6802-0c84-46a6-9e08-e371fac1325c","_email":"yvesdsbarbosa44@gmail.com","_firstName":"yves","_lastName":"de Sá","globalRole":"global:owner","workflowId":"5zOIYuMu63ZgsxYI","workflowName":"slr flow"}}
{"__type":"$$EventMessageConfirm","confirm":"4bd75e57-6399-4e67-96ca-cb09350f658b","ts":"2026-04-17T10:35:11.565-04:00","source":{"id":"0","name":"eventBus"}}
{"__type":"$$EventMessageAudit","id":"5b1ba814-20fc-46bd-9953-1d1f20a421f4","ts":"2026-04-17T10:35:15.130-04:00","eventName":"n8n.audit.workflow.executed","message":"n8n.audit.workflow.executed","payload":{"userId":"d49c6802-0c84-46a6-9e08-e371fac1325c","_email":"yvesdsbarbosa44@gmail.com","_firstName":"yves","_lastName":"de Sá","globalRole":"global:owner","workflowId":"5zOIYuMu63ZgsxYI","workflowName":"slr flow","executionId":"22","source":"user-manual"}}
{"__type":"$$EventMessageConfirm","confirm":"5b1ba814-20fc-46bd-9953-1d1f20a421f4","ts":"2026-04-17T10:35:15.130-04:00","source":{"id":"0","name":"eventBus"}}
{"__type":"$$EventMessageWorkflow","id":"df161241-4171-4362-8621-87ed9416dcd0","ts":"2026-04-17T10:35:15.130-04:00","eventName":"n8n.workflow.started","message":"n8n.workflow.started","payload":{"executionId":"22","workflowId":"5zOIYuMu63ZgsxYI","isManual":false,"mode":"manual","workflowName":"slr flow"}}
{"__type":"$$EventMessageConfirm","confirm":"df161241-4171-4362-8621-87ed9416dcd0","ts":"2026-04-17T10:35:15.130-04:00","source":{"id":"0","name":"eventBus"}}
{"__type":"$$EventMessageNode","id":"fe37f6d8-96bb-4e41-bbe8-27f4b534a661","ts":"2026-04-17T10:35:15.137-04:00","eventName":"n8n.node.started","message":"n8n.node.started","payload":{"workflowId":"5zOIYuMu63ZgsxYI","workflowName":"slr flow","executionId":"22","nodeType":"n8n-nodes-base.googleSheetsTrigger","nodeName":"Google Sheets Trigger","nodeId":"a55f10d5-e1da-4efb-b96d-38d8bf72e498"}}
{"__type":"$$EventMessageConfirm","confirm":"fe37f6d8-96bb-4e41-bbe8-27f4b534a661","ts":"2026-04-17T10:35:15.137-04:00","source":{"id":"0","name":"eventBus"}}
{"__type":"$$EventMessageNode","id":"eaaf9294-4d0e-4f9c-b071-ab24abb8734b","ts":"2026-04-17T10:35:16.123-04:00","eventName":"n8n.node.finished","message":"n8n.node.finished","payload":{"workflowId":"5zOIYuMu63ZgsxYI","workflowName":"slr flow","executionId":"22","nodeType":"n8n-nodes-base.googleSheetsTrigger","nodeName":"Google Sheets Trigger","nodeId":"a55f10d5-e1da-4efb-b96d-38d8bf72e498"}}
{"__type":"$$EventMessageConfirm","confirm":"eaaf9294-4d0e-4f9c-b071-ab24abb8734b","ts":"2026-04-17T10:35:16.123-04:00","source":{"id":"0","name":"eventBus"}}
{"__type":"$$EventMessageNode","id":"4d1b5670-a631-429e-982c-b05ee4a88dbc","ts":"2026-04-17T10:35:16.123-04:00","eventName":"n8n.node.started","message":"n8n.node.started","payload":{"workflowId":"5zOIYuMu63ZgsxYI","workflowName":"slr flow","executionId":"22","nodeType":"n8n-nodes-base.filter","nodeName":"Filter","nodeId":"41959af4-f929-42fc-9046-323eddeefb72"}}
{"__type":"$$EventMessageConfirm","confirm":"4d1b5670-a631-429e-982c-b05ee4a88dbc","ts":"2026-04-17T10:35:16.123-04:00","source":{"id":"0","name":"eventBus"}}
{"__type":"$$EventMessageNode","id":"b703007c-d9c8-42af-aac3-92328220445f","ts":"2026-04-17T10:35:16.124-04:00","eventName":"n8n.node.finished","message":"n8n.node.finished","payload":{"workflowId":"5zOIYuMu63ZgsxYI","workflowName":"slr flow","executionId":"22","nodeType":"n8n-nodes-base.filter","nodeName":"Filter","nodeId":"41959af4-f929-42fc-9046-323eddeefb72"}}
{"__type":"$$EventMessageConfirm","confirm":"b703007c-d9c8-42af-aac3-92328220445f","ts":"2026-04-17T10:35:16.124-04:00","source":{"id":"0","name":"eventBus"}}
{"__type":"$$EventMessageNode","id":"da45c69f-b48b-49e5-879c-26aeeeefbceb","ts":"2026-04-17T10:35:16.124-04:00","eventName":"n8n.node.started","message":"n8n.node.started","payload":{"workflowId":"5zOIYuMu63ZgsxYI","workflowName":"slr flow","executionId":"22","nodeType":"n8n-nodes-base.httpRequest","nodeName":"HTTP Request","nodeId":"629d764b-b230-4e71-aced-20ee44a3a821"}}
{"__type":"$$EventMessageConfirm","confirm":"da45c69f-b48b-49e5-879c-26aeeeefbceb","ts":"2026-04-17T10:35:16.124-04:00","source":{"id":"0","name":"eventBus"}}
{"__type":"$$EventMessageNode","id":"3352070c-074b-4ef9-a455-bc0c91afa495","ts":"2026-04-17T10:35:16.779-04:00","eventName":"n8n.node.finished","message":"n8n.node.finished","payload":{"workflowId":"5zOIYuMu63ZgsxYI","workflowName":"slr flow","executionId":"22","nodeType":"n8n-nodes-base.httpRequest","nodeName":"HTTP Request","nodeId":"629d764b-b230-4e71-aced-20ee44a3a821"}}
{"__type":"$$EventMessageConfirm","confirm":"3352070c-074b-4ef9-a455-bc0c91afa495","ts":"2026-04-17T10:35:16.779-04:00","source":{"id":"0","name":"eventBus"}}
{"__type":"$$EventMessageNode","id":"a7284f2b-0de0-4d53-a32f-1fcd69d1ad73","ts":"2026-04-17T10:35:16.779-04:00","eventName":"n8n.node.started","message":"n8n.node.started","payload":{"workflowId":"5zOIYuMu63ZgsxYI","workflowName":"slr flow","executionId":"22","nodeType":"n8n-nodes-base.googleSheets","nodeName":"Update row in sheet","nodeId":"c83a4f77-837d-431b-ba5c-b311e80e2d65"}}
{"__type":"$$EventMessageConfirm","confirm":"a7284f2b-0de0-4d53-a32f-1fcd69d1ad73","ts":"2026-04-17T10:35:16.779-04:00","source":{"id":"0","name":"eventBus"}}
{"__type":"$$EventMessageNode","id":"02c7c76c-2af5-40b5-9f04-8bc73cc545a2","ts":"2026-04-17T10:35:17.357-04:00","eventName":"n8n.node.finished","message":"n8n.node.finished","payload":{"workflowId":"5zOIYuMu63ZgsxYI","workflowName":"slr flow","executionId":"22","nodeType":"n8n-nodes-base.googleSheets","nodeName":"Update row in sheet","nodeId":"c83a4f77-837d-431b-ba5c-b311e80e2d65"}}
{"__type":"$$EventMessageConfirm","confirm":"02c7c76c-2af5-40b5-9f04-8bc73cc545a2","ts":"2026-04-17T10:35:17.357-04:00","source":{"id":"0","name":"eventBus"}}
{"__type":"$$EventMessageWorkflow","id":"2e89edbb-9827-4343-b46f-e552a5dfcdba","ts":"2026-04-17T10:35:17.358-04:00","eventName":"n8n.workflow.failed","message":"n8n.workflow.failed","payload":{"userId":"d49c6802-0c84-46a6-9e08-e371fac1325c","executionId":"22","success":false,"isManual":true,"mode":"manual","workflowId":"5zOIYuMu63ZgsxYI","workflowName":"slr flow","lastNodeExecuted":"Update row in sheet","errorNodeType":"n8n-nodes-base.googleSheets","errorMessage":"The 'Column to Match On' parameter is required"}}
{"__type":"$$EventMessageConfirm","confirm":"2e89edbb-9827-4343-b46f-e552a5dfcdba","ts":"2026-04-17T10:35:17.358-04:00","source":{"id":"0","name":"eventBus"}}
{"__type":"$$EventMessageAudit","id":"3e6b7e52-0d65-4002-85a4-be67dfdf1522","ts":"2026-04-17T10:35:24.194-04:00","eventName":"n8n.audit.workflow.updated","message":"n8n.audit.workflow.updated","payload":{"userId":"d49c6802-0c84-46a6-9e08-e371fac1325c","_email":"yvesdsbarbosa44@gmail.com","_firstName":"yves","_lastName":"de Sá","globalRole":"global:owner","workflowId":"5zOIYuMu63ZgsxYI","workflowName":"slr flow"}}
{"__type":"$$EventMessageConfirm","confirm":"3e6b7e52-0d65-4002-85a4-be67dfdf1522","ts":"2026-04-17T10:35:24.194-04:00","source":{"id":"0","name":"eventBus"}}
{"__type":"$$EventMessageAudit","id":"a21cd9e8-fe77-463a-98c8-02bc30728367","ts":"2026-04-17T10:35:25.178-04:00","eventName":"n8n.audit.workflow.executed","message":"n8n.audit.workflow.executed","payload":{"userId":"d49c6802-0c84-46a6-9e08-e371fac1325c","_email":"yvesdsbarbosa44@gmail.com","_firstName":"yves","_lastName":"de Sá","globalRole":"global:owner","workflowId":"5zOIYuMu63ZgsxYI","workflowName":"slr flow","executionId":"23","source":"user-manual"}}
{"__type":"$$EventMessageConfirm","confirm":"a21cd9e8-fe77-463a-98c8-02bc30728367","ts":"2026-04-17T10:35:25.179-04:00","source":{"id":"0","name":"eventBus"}}
{"__type":"$$EventMessageWorkflow","id":"bfd86d1a-32e8-4e75-920b-373cf769a5e2","ts":"2026-04-17T10:35:25.179-04:00","eventName":"n8n.workflow.started","message":"n8n.workflow.started","payload":{"executionId":"23","workflowId":"5zOIYuMu63ZgsxYI","isManual":false,"mode":"manual","workflowName":"slr flow"}}
{"__type":"$$EventMessageConfirm","confirm":"bfd86d1a-32e8-4e75-920b-373cf769a5e2","ts":"2026-04-17T10:35:25.179-04:00","source":{"id":"0","name":"eventBus"}}
{"__type":"$$EventMessageNode","id":"54664bf5-bc1b-47c5-836c-9e4504afd270","ts":"2026-04-17T10:35:25.183-04:00","eventName":"n8n.node.started","message":"n8n.node.started","payload":{"workflowId":"5zOIYuMu63ZgsxYI","workflowName":"slr flow","executionId":"23","nodeType":"n8n-nodes-base.googleSheets","nodeName":"Update row in sheet","nodeId":"c83a4f77-837d-431b-ba5c-b311e80e2d65"}}
{"__type":"$$EventMessageConfirm","confirm":"54664bf5-bc1b-47c5-836c-9e4504afd270","ts":"2026-04-17T10:35:25.183-04:00","source":{"id":"0","name":"eventBus"}}
{"__type":"$$EventMessageNode","id":"be401bdc-818a-4edf-a80c-422da820f890","ts":"2026-04-17T10:35:26.178-04:00","eventName":"n8n.node.finished","message":"n8n.node.finished","payload":{"workflowId":"5zOIYuMu63ZgsxYI","workflowName":"slr flow","executionId":"23","nodeType":"n8n-nodes-base.googleSheets","nodeName":"Update row in sheet","nodeId":"c83a4f77-837d-431b-ba5c-b311e80e2d65"}}
{"__type":"$$EventMessageConfirm","confirm":"be401bdc-818a-4edf-a80c-422da820f890","ts":"2026-04-17T10:35:26.178-04:00","source":{"id":"0","name":"eventBus"}}
{"__type":"$$EventMessageWorkflow","id":"5d6080e0-e04f-42d1-8421-dcbc7813521a","ts":"2026-04-17T10:35:26.179-04:00","eventName":"n8n.workflow.success","message":"n8n.workflow.success","payload":{"userId":"d49c6802-0c84-46a6-9e08-e371fac1325c","executionId":"23","success":true,"isManual":true,"mode":"manual","workflowId":"5zOIYuMu63ZgsxYI","workflowName":"slr flow"}}
{"__type":"$$EventMessageConfirm","confirm":"5d6080e0-e04f-42d1-8421-dcbc7813521a","ts":"2026-04-17T10:35:26.179-04:00","source":{"id":"0","name":"eventBus"}}
{"__type":"$$EventMessageAudit","id":"7157dd24-d78c-4d3e-a625-823f15adb146","ts":"2026-04-17T10:35:28.451-04:00","eventName":"n8n.audit.workflow.updated","message":"n8n.audit.workflow.updated","payload":{"userId":"d49c6802-0c84-46a6-9e08-e371fac1325c","_email":"yvesdsbarbosa44@gmail.com","_firstName":"yves","_lastName":"de Sá","globalRole":"global:owner","workflowId":"5zOIYuMu63ZgsxYI","workflowName":"slr flow"}}
{"__type":"$$EventMessageConfirm","confirm":"7157dd24-d78c-4d3e-a625-823f15adb146","ts":"2026-04-17T10:35:28.451-04:00","source":{"id":"0","name":"eventBus"}}
{"__type":"$$EventMessageAudit","id":"ffa55386-6bba-4144-8434-7ee435534637","ts":"2026-04-17T10:39:14.236-04:00","eventName":"n8n.audit.workflow.updated","message":"n8n.audit.workflow.updated","payload":{"userId":"d49c6802-0c84-46a6-9e08-e371fac1325c","_email":"yvesdsbarbosa44@gmail.com","_firstName":"yves","_lastName":"de Sá","globalRole":"global:owner","workflowId":"5zOIYuMu63ZgsxYI","workflowName":"slr flow"}}
{"__type":"$$EventMessageConfirm","confirm":"ffa55386-6bba-4144-8434-7ee435534637","ts":"2026-04-17T10:39:14.236-04:00","source":{"id":"0","name":"eventBus"}}
{"__type":"$$EventMessageAudit","id":"32fbfb4b-e4e3-426c-a09d-f2b3305abd8c","ts":"2026-04-17T10:39:52.296-04:00","eventName":"n8n.audit.workflow.updated","message":"n8n.audit.workflow.updated","payload":{"userId":"d49c6802-0c84-46a6-9e08-e371fac1325c","_email":"yvesdsbarbosa44@gmail.com","_firstName":"yves","_lastName":"de Sá","globalRole":"global:owner","workflowId":"5zOIYuMu63ZgsxYI","workflowName":"slr flow"}}
{"__type":"$$EventMessageConfirm","confirm":"32fbfb4b-e4e3-426c-a09d-f2b3305abd8c","ts":"2026-04-17T10:39:52.296-04:00","source":{"id":"0","name":"eventBus"}}
{"__type":"$$EventMessageAudit","id":"0b545d09-8b68-42a5-81a3-deb69995a55b","ts":"2026-04-17T10:39:54.558-04:00","eventName":"n8n.audit.workflow.updated","message":"n8n.audit.workflow.updated","payload":{"userId":"d49c6802-0c84-46a6-9e08-e371fac1325c","_email":"yvesdsbarbosa44@gmail.com","_firstName":"yves","_lastName":"de Sá","globalRole":"global:owner","workflowId":"5zOIYuMu63ZgsxYI","workflowName":"slr flow"}}
{"__type":"$$EventMessageConfirm","confirm":"0b545d09-8b68-42a5-81a3-deb69995a55b","ts":"2026-04-17T10:39:54.558-04:00","source":{"id":"0","name":"eventBus"}}
{"__type":"$$EventMessageAudit","id":"582228df-659a-4fbb-b842-c7beddf551e1","ts":"2026-04-17T10:39:59.549-04:00","eventName":"n8n.audit.workflow.executed","message":"n8n.audit.workflow.executed","payload":{"userId":"d49c6802-0c84-46a6-9e08-e371fac1325c","_email":"yvesdsbarbosa44@gmail.com","_firstName":"yves","_lastName":"de Sá","globalRole":"global:owner","workflowId":"5zOIYuMu63ZgsxYI","workflowName":"slr flow","executionId":"24","source":"user-manual"}}
{"__type":"$$EventMessageConfirm","confirm":"582228df-659a-4fbb-b842-c7beddf551e1","ts":"2026-04-17T10:39:59.549-04:00","source":{"id":"0","name":"eventBus"}}
{"__type":"$$EventMessageWorkflow","id":"0630a6a5-1c78-4024-9bed-e27a85e0107d","ts":"2026-04-17T10:39:59.549-04:00","eventName":"n8n.workflow.started","message":"n8n.workflow.started","payload":{"executionId":"24","workflowId":"5zOIYuMu63ZgsxYI","isManual":false,"mode":"manual","workflowName":"slr flow"}}
{"__type":"$$EventMessageConfirm","confirm":"0630a6a5-1c78-4024-9bed-e27a85e0107d","ts":"2026-04-17T10:39:59.549-04:00","source":{"id":"0","name":"eventBus"}}
{"__type":"$$EventMessageNode","id":"61e39de3-7496-438b-839b-e0b3cb09cee5","ts":"2026-04-17T10:39:59.558-04:00","eventName":"n8n.node.started","message":"n8n.node.started","payload":{"workflowId":"5zOIYuMu63ZgsxYI","workflowName":"slr flow","executionId":"24","nodeType":"n8n-nodes-base.googleSheets","nodeName":"Update row in sheet","nodeId":"c83a4f77-837d-431b-ba5c-b311e80e2d65"}}
{"__type":"$$EventMessageConfirm","confirm":"61e39de3-7496-438b-839b-e0b3cb09cee5","ts":"2026-04-17T10:39:59.558-04:00","source":{"id":"0","name":"eventBus"}}
{"__type":"$$EventMessageNode","id":"7cd4fc1d-6e47-4409-9f2e-71bc61cf69bf","ts":"2026-04-17T10:40:00.156-04:00","eventName":"n8n.node.finished","message":"n8n.node.finished","payload":{"workflowId":"5zOIYuMu63ZgsxYI","workflowName":"slr flow","executionId":"24","nodeType":"n8n-nodes-base.googleSheets","nodeName":"Update row in sheet","nodeId":"c83a4f77-837d-431b-ba5c-b311e80e2d65"}}
{"__type":"$$EventMessageConfirm","confirm":"7cd4fc1d-6e47-4409-9f2e-71bc61cf69bf","ts":"2026-04-17T10:40:00.156-04:00","source":{"id":"0","name":"eventBus"}}
{"__type":"$$EventMessageWorkflow","id":"5477f791-0622-40e9-8e8e-8ea77debb200","ts":"2026-04-17T10:40:00.157-04:00","eventName":"n8n.workflow.failed","message":"n8n.workflow.failed","payload":{"userId":"d49c6802-0c84-46a6-9e08-e371fac1325c","executionId":"24","success":false,"isManual":true,"mode":"manual","workflowId":"5zOIYuMu63ZgsxYI","workflowName":"slr flow","lastNodeExecuted":"Update row in sheet","errorNodeType":"n8n-nodes-base.googleSheets","errorMessage":"The 'Column to Match On' parameter is required"}}
{"__type":"$$EventMessageConfirm","confirm":"5477f791-0622-40e9-8e8e-8ea77debb200","ts":"2026-04-17T10:40:00.158-04:00","source":{"id":"0","name":"eventBus"}}
{"__type":"$$EventMessageAudit","id":"a50814a1-079e-48b3-8b23-7f4cb74c6b43","ts":"2026-04-17T10:40:31.153-04:00","eventName":"n8n.audit.workflow.updated","message":"n8n.audit.workflow.updated","payload":{"userId":"d49c6802-0c84-46a6-9e08-e371fac1325c","_email":"yvesdsbarbosa44@gmail.com","_firstName":"yves","_lastName":"de Sá","globalRole":"global:owner","workflowId":"5zOIYuMu63ZgsxYI","workflowName":"slr flow"}}
{"__type":"$$EventMessageConfirm","confirm":"a50814a1-079e-48b3-8b23-7f4cb74c6b43","ts":"2026-04-17T10:40:31.153-04:00","source":{"id":"0","name":"eventBus"}}
{"__type":"$$EventMessageAudit","id":"c2393c2f-1a99-4c98-9a7f-968b2c1475de","ts":"2026-04-17T10:42:15.934-04:00","eventName":"n8n.audit.workflow.updated","message":"n8n.audit.workflow.updated","payload":{"userId":"d49c6802-0c84-46a6-9e08-e371fac1325c","_email":"yvesdsbarbosa44@gmail.com","_firstName":"yves","_lastName":"de Sá","globalRole":"global:owner","workflowId":"5zOIYuMu63ZgsxYI","workflowName":"slr flow"}}
{"__type":"$$EventMessageConfirm","confirm":"c2393c2f-1a99-4c98-9a7f-968b2c1475de","ts":"2026-04-17T10:42:15.935-04:00","source":{"id":"0","name":"eventBus"}}
{"__type":"$$EventMessageAudit","id":"59a2a5d5-f265-4816-8664-a1c57653d88f","ts":"2026-04-17T10:42:55.857-04:00","eventName":"n8n.audit.workflow.updated","message":"n8n.audit.workflow.updated","payload":{"userId":"d49c6802-0c84-46a6-9e08-e371fac1325c","_email":"yvesdsbarbosa44@gmail.com","_firstName":"yves","_lastName":"de Sá","globalRole":"global:owner","workflowId":"5zOIYuMu63ZgsxYI","workflowName":"slr flow"}}
{"__type":"$$EventMessageConfirm","confirm":"59a2a5d5-f265-4816-8664-a1c57653d88f","ts":"2026-04-17T10:42:55.857-04:00","source":{"id":"0","name":"eventBus"}}
{"__type":"$$EventMessageAudit","id":"75c735ac-f517-4400-acb2-9f56a94416a4","ts":"2026-04-17T10:43:25.939-04:00","eventName":"n8n.audit.workflow.updated","message":"n8n.audit.workflow.updated","payload":{"userId":"d49c6802-0c84-46a6-9e08-e371fac1325c","_email":"yvesdsbarbosa44@gmail.com","_firstName":"yves","_lastName":"de Sá","globalRole":"global:owner","workflowId":"5zOIYuMu63ZgsxYI","workflowName":"slr flow"}}
{"__type":"$$EventMessageConfirm","confirm":"75c735ac-f517-4400-acb2-9f56a94416a4","ts":"2026-04-17T10:43:25.939-04:00","source":{"id":"0","name":"eventBus"}}
{"__type":"$$EventMessageAudit","id":"5d87f074-3fce-428c-a1e7-5e19c9688ee3","ts":"2026-04-17T10:43:55.079-04:00","eventName":"n8n.audit.workflow.updated","message":"n8n.audit.workflow.updated","payload":{"userId":"d49c6802-0c84-46a6-9e08-e371fac1325c","_email":"yvesdsbarbosa44@gmail.com","_firstName":"yves","_lastName":"de Sá","globalRole":"global:owner","workflowId":"5zOIYuMu63ZgsxYI","workflowName":"slr flow"}}
{"__type":"$$EventMessageConfirm","confirm":"5d87f074-3fce-428c-a1e7-5e19c9688ee3","ts":"2026-04-17T10:43:55.079-04:00","source":{"id":"0","name":"eventBus"}}
{"__type":"$$EventMessageAudit","id":"ddb7834a-fada-4c1e-b7a2-ad4479173bb8","ts":"2026-04-17T10:44:03.954-04:00","eventName":"n8n.audit.workflow.updated","message":"n8n.audit.workflow.updated","payload":{"userId":"d49c6802-0c84-46a6-9e08-e371fac1325c","_email":"yvesdsbarbosa44@gmail.com","_firstName":"yves","_lastName":"de Sá","globalRole":"global:owner","workflowId":"5zOIYuMu63ZgsxYI","workflowName":"slr flow"}}
{"__type":"$$EventMessageConfirm","confirm":"ddb7834a-fada-4c1e-b7a2-ad4479173bb8","ts":"2026-04-17T10:44:03.954-04:00","source":{"id":"0","name":"eventBus"}}
{"__type":"$$EventMessageAudit","id":"4c555d3b-5cb2-4d9a-a6f8-6fc53888b53c","ts":"2026-04-17T10:44:30.075-04:00","eventName":"n8n.audit.workflow.updated","message":"n8n.audit.workflow.updated","payload":{"userId":"d49c6802-0c84-46a6-9e08-e371fac1325c","_email":"yvesdsbarbosa44@gmail.com","_firstName":"yves","_lastName":"de Sá","globalRole":"global:owner","workflowId":"5zOIYuMu63ZgsxYI","workflowName":"slr flow"}}
{"__type":"$$EventMessageConfirm","confirm":"4c555d3b-5cb2-4d9a-a6f8-6fc53888b53c","ts":"2026-04-17T10:44:30.075-04:00","source":{"id":"0","name":"eventBus"}}
{"__type":"$$EventMessageAudit","id":"040a1370-423e-4430-b155-73322dea3485","ts":"2026-04-17T10:44:31.315-04:00","eventName":"n8n.audit.workflow.executed","message":"n8n.audit.workflow.executed","payload":{"userId":"d49c6802-0c84-46a6-9e08-e371fac1325c","_email":"yvesdsbarbosa44@gmail.com","_firstName":"yves","_lastName":"de Sá","globalRole":"global:owner","workflowId":"5zOIYuMu63ZgsxYI","workflowName":"slr flow","executionId":"25","source":"user-manual"}}
{"__type":"$$EventMessageConfirm","confirm":"040a1370-423e-4430-b155-73322dea3485","ts":"2026-04-17T10:44:31.315-04:00","source":{"id":"0","name":"eventBus"}}
{"__type":"$$EventMessageWorkflow","id":"915315a4-1fb6-4808-a5a9-6f97ba4e1406","ts":"2026-04-17T10:44:31.315-04:00","eventName":"n8n.workflow.started","message":"n8n.workflow.started","payload":{"executionId":"25","workflowId":"5zOIYuMu63ZgsxYI","isManual":false,"mode":"manual","workflowName":"slr flow"}}
{"__type":"$$EventMessageConfirm","confirm":"915315a4-1fb6-4808-a5a9-6f97ba4e1406","ts":"2026-04-17T10:44:31.315-04:00","source":{"id":"0","name":"eventBus"}}
{"__type":"$$EventMessageNode","id":"2d63bb2e-5b40-40f9-bf6d-ac87767db886","ts":"2026-04-17T10:44:31.322-04:00","eventName":"n8n.node.started","message":"n8n.node.started","payload":{"workflowId":"5zOIYuMu63ZgsxYI","workflowName":"slr flow","executionId":"25","nodeType":"n8n-nodes-base.googleSheets","nodeName":"Update row in sheet","nodeId":"c83a4f77-837d-431b-ba5c-b311e80e2d65"}}
{"__type":"$$EventMessageConfirm","confirm":"2d63bb2e-5b40-40f9-bf6d-ac87767db886","ts":"2026-04-17T10:44:31.322-04:00","source":{"id":"0","name":"eventBus"}}
{"__type":"$$EventMessageNode","id":"17a5d169-5f20-41f6-af1b-9885dc5fa2f2","ts":"2026-04-17T10:44:32.259-04:00","eventName":"n8n.node.finished","message":"n8n.node.finished","payload":{"workflowId":"5zOIYuMu63ZgsxYI","workflowName":"slr flow","executionId":"25","nodeType":"n8n-nodes-base.googleSheets","nodeName":"Update row in sheet","nodeId":"c83a4f77-837d-431b-ba5c-b311e80e2d65"}}
{"__type":"$$EventMessageConfirm","confirm":"17a5d169-5f20-41f6-af1b-9885dc5fa2f2","ts":"2026-04-17T10:44:32.259-04:00","source":{"id":"0","name":"eventBus"}}
{"__type":"$$EventMessageWorkflow","id":"c0d8316d-7bbe-48c5-a054-03d6b452ede5","ts":"2026-04-17T10:44:32.260-04:00","eventName":"n8n.workflow.success","message":"n8n.workflow.success","payload":{"userId":"d49c6802-0c84-46a6-9e08-e371fac1325c","executionId":"25","success":true,"isManual":true,"mode":"manual","workflowId":"5zOIYuMu63ZgsxYI","workflowName":"slr flow"}}
{"__type":"$$EventMessageConfirm","confirm":"c0d8316d-7bbe-48c5-a054-03d6b452ede5","ts":"2026-04-17T10:44:32.260-04:00","source":{"id":"0","name":"eventBus"}}
{"__type":"$$EventMessageAudit","id":"e01424c3-3201-4c96-8b7e-46b36eaf0543","ts":"2026-04-17T10:48:00.568-04:00","eventName":"n8n.audit.workflow.activated","message":"n8n.audit.workflow.activated","payload":{"userId":"d49c6802-0c84-46a6-9e08-e371fac1325c","_email":"yvesdsbarbosa44@gmail.com","_firstName":"yves","_lastName":"de Sá","globalRole":"global:owner","workflowId":"5zOIYuMu63ZgsxYI","workflowName":"slr flow","activeVersionId":"a5a1f649-b52c-4cbf-8dca-3693efc8c480"}}
{"__type":"$$EventMessageConfirm","confirm":"e01424c3-3201-4c96-8b7e-46b36eaf0543","ts":"2026-04-17T10:48:00.569-04:00","source":{"id":"0","name":"eventBus"}}
{"__type":"$$EventMessageWorkflow","id":"2aaf3551-b0ab-4db3-b162-32bb95967c24","ts":"2026-04-17T10:49:11.182-04:00","eventName":"n8n.workflow.started","message":"n8n.workflow.started","payload":{"executionId":"26","workflowId":"5zOIYuMu63ZgsxYI","isManual":false,"mode":"trigger","workflowName":"slr flow"}}
{"__type":"$$EventMessageConfirm","confirm":"2aaf3551-b0ab-4db3-b162-32bb95967c24","ts":"2026-04-17T10:49:11.182-04:00","source":{"id":"0","name":"eventBus"}}
{"__type":"$$EventMessageNode","id":"22ed3ebb-f8f4-4ed2-bb86-3dde414c65d9","ts":"2026-04-17T10:49:11.182-04:00","eventName":"n8n.node.started","message":"n8n.node.started","payload":{"workflowId":"5zOIYuMu63ZgsxYI","workflowName":"slr flow","executionId":"26","nodeType":"n8n-nodes-base.googleSheetsTrigger","nodeName":"Google Sheets Trigger","nodeId":"a55f10d5-e1da-4efb-b96d-38d8bf72e498"}}
{"__type":"$$EventMessageConfirm","confirm":"22ed3ebb-f8f4-4ed2-bb86-3dde414c65d9","ts":"2026-04-17T10:49:11.182-04:00","source":{"id":"0","name":"eventBus"}}
{"__type":"$$EventMessageNode","id":"40e77d97-b8a2-486f-a764-7ade64deac41","ts":"2026-04-17T10:49:11.182-04:00","eventName":"n8n.node.finished","message":"n8n.node.finished","payload":{"workflowId":"5zOIYuMu63ZgsxYI","workflowName":"slr flow","executionId":"26","nodeType":"n8n-nodes-base.googleSheetsTrigger","nodeName":"Google Sheets Trigger","nodeId":"a55f10d5-e1da-4efb-b96d-38d8bf72e498"}}
{"__type":"$$EventMessageConfirm","confirm":"40e77d97-b8a2-486f-a764-7ade64deac41","ts":"2026-04-17T10:49:11.182-04:00","source":{"id":"0","name":"eventBus"}}
{"__type":"$$EventMessageNode","id":"0e754aad-375d-4cb3-aa0d-c953f9f1b1db","ts":"2026-04-17T10:49:11.182-04:00","eventName":"n8n.node.started","message":"n8n.node.started","payload":{"workflowId":"5zOIYuMu63ZgsxYI","workflowName":"slr flow","executionId":"26","nodeType":"n8n-nodes-base.filter","nodeName":"Filter","nodeId":"41959af4-f929-42fc-9046-323eddeefb72"}}
{"__type":"$$EventMessageConfirm","confirm":"0e754aad-375d-4cb3-aa0d-c953f9f1b1db","ts":"2026-04-17T10:49:11.182-04:00","source":{"id":"0","name":"eventBus"}}
{"__type":"$$EventMessageNode","id":"48c74b46-2e12-4e8a-aa4d-dea85d3a5c24","ts":"2026-04-17T10:49:11.183-04:00","eventName":"n8n.node.finished","message":"n8n.node.finished","payload":{"workflowId":"5zOIYuMu63ZgsxYI","workflowName":"slr flow","executionId":"26","nodeType":"n8n-nodes-base.filter","nodeName":"Filter","nodeId":"41959af4-f929-42fc-9046-323eddeefb72"}}
{"__type":"$$EventMessageConfirm","confirm":"48c74b46-2e12-4e8a-aa4d-dea85d3a5c24","ts":"2026-04-17T10:49:11.183-04:00","source":{"id":"0","name":"eventBus"}}
{"__type":"$$EventMessageNode","id":"16090eb5-cf98-4d6a-8989-f97d1442d1ef","ts":"2026-04-17T10:49:11.183-04:00","eventName":"n8n.node.started","message":"n8n.node.started","payload":{"workflowId":"5zOIYuMu63ZgsxYI","workflowName":"slr flow","executionId":"26","nodeType":"n8n-nodes-base.httpRequest","nodeName":"HTTP Request","nodeId":"629d764b-b230-4e71-aced-20ee44a3a821"}}
{"__type":"$$EventMessageConfirm","confirm":"16090eb5-cf98-4d6a-8989-f97d1442d1ef","ts":"2026-04-17T10:49:11.183-04:00","source":{"id":"0","name":"eventBus"}}
{"__type":"$$EventMessageNode","id":"5846de40-1bfe-4202-8ddd-d7d4d4e90e65","ts":"2026-04-17T10:49:11.839-04:00","eventName":"n8n.node.finished","message":"n8n.node.finished","payload":{"workflowId":"5zOIYuMu63ZgsxYI","workflowName":"slr flow","executionId":"26","nodeType":"n8n-nodes-base.httpRequest","nodeName":"HTTP Request","nodeId":"629d764b-b230-4e71-aced-20ee44a3a821"}}
{"__type":"$$EventMessageConfirm","confirm":"5846de40-1bfe-4202-8ddd-d7d4d4e90e65","ts":"2026-04-17T10:49:11.839-04:00","source":{"id":"0","name":"eventBus"}}
{"__type":"$$EventMessageNode","id":"68c8401c-54b9-4d1c-95c1-d8d9dec3e0f7","ts":"2026-04-17T10:49:11.839-04:00","eventName":"n8n.node.started","message":"n8n.node.started","payload":{"workflowId":"5zOIYuMu63ZgsxYI","workflowName":"slr flow","executionId":"26","nodeType":"n8n-nodes-base.googleSheets","nodeName":"Update row in sheet","nodeId":"c83a4f77-837d-431b-ba5c-b311e80e2d65"}}
{"__type":"$$EventMessageConfirm","confirm":"68c8401c-54b9-4d1c-95c1-d8d9dec3e0f7","ts":"2026-04-17T10:49:11.839-04:00","source":{"id":"0","name":"eventBus"}}
{"__type":"$$EventMessageNode","id":"e26a18d2-2157-444e-b599-297ac4e698be","ts":"2026-04-17T10:49:12.841-04:00","eventName":"n8n.node.finished","message":"n8n.node.finished","payload":{"workflowId":"5zOIYuMu63ZgsxYI","workflowName":"slr flow","executionId":"26","nodeType":"n8n-nodes-base.googleSheets","nodeName":"Update row in sheet","nodeId":"c83a4f77-837d-431b-ba5c-b311e80e2d65"}}
{"__type":"$$EventMessageConfirm","confirm":"e26a18d2-2157-444e-b599-297ac4e698be","ts":"2026-04-17T10:49:12.841-04:00","source":{"id":"0","name":"eventBus"}}
{"__type":"$$EventMessageWorkflow","id":"3e6f5511-81b7-457b-89c3-0fab033ff8d2","ts":"2026-04-17T10:49:12.842-04:00","eventName":"n8n.workflow.success","message":"n8n.workflow.success","payload":{"executionId":"26","success":true,"isManual":false,"mode":"trigger","workflowId":"5zOIYuMu63ZgsxYI","workflowName":"slr flow"}}
{"__type":"$$EventMessageConfirm","confirm":"3e6f5511-81b7-457b-89c3-0fab033ff8d2","ts":"2026-04-17T10:49:12.842-04:00","source":{"id":"0","name":"eventBus"}}
{"__type":"$$EventMessageWorkflow","id":"e268f272-328b-42fc-86c3-2bc0e93c8a92","ts":"2026-04-17T10:50:11.676-04:00","eventName":"n8n.workflow.started","message":"n8n.workflow.started","payload":{"executionId":"27","workflowId":"5zOIYuMu63ZgsxYI","isManual":false,"mode":"trigger","workflowName":"slr flow"}}
{"__type":"$$EventMessageConfirm","confirm":"e268f272-328b-42fc-86c3-2bc0e93c8a92","ts":"2026-04-17T10:50:11.676-04:00","source":{"id":"0","name":"eventBus"}}
{"__type":"$$EventMessageNode","id":"bbfb7fbd-c4d3-4838-9f6a-7bc1e538cb04","ts":"2026-04-17T10:50:11.676-04:00","eventName":"n8n.node.started","message":"n8n.node.started","payload":{"workflowId":"5zOIYuMu63ZgsxYI","workflowName":"slr flow","executionId":"27","nodeType":"n8n-nodes-base.googleSheetsTrigger","nodeName":"Google Sheets Trigger","nodeId":"a55f10d5-e1da-4efb-b96d-38d8bf72e498"}}
{"__type":"$$EventMessageConfirm","confirm":"bbfb7fbd-c4d3-4838-9f6a-7bc1e538cb04","ts":"2026-04-17T10:50:11.676-04:00","source":{"id":"0","name":"eventBus"}}
{"__type":"$$EventMessageNode","id":"e254ebfd-2f26-4812-a6e5-2c5d13e18c1e","ts":"2026-04-17T10:50:11.676-04:00","eventName":"n8n.node.finished","message":"n8n.node.finished","payload":{"workflowId":"5zOIYuMu63ZgsxYI","workflowName":"slr flow","executionId":"27","nodeType":"n8n-nodes-base.googleSheetsTrigger","nodeName":"Google Sheets Trigger","nodeId":"a55f10d5-e1da-4efb-b96d-38d8bf72e498"}}
{"__type":"$$EventMessageConfirm","confirm":"e254ebfd-2f26-4812-a6e5-2c5d13e18c1e","ts":"2026-04-17T10:50:11.676-04:00","source":{"id":"0","name":"eventBus"}}
{"__type":"$$EventMessageNode","id":"30eb958f-69b2-417d-afd6-1253209a4e59","ts":"2026-04-17T10:50:11.676-04:00","eventName":"n8n.node.started","message":"n8n.node.started","payload":{"workflowId":"5zOIYuMu63ZgsxYI","workflowName":"slr flow","executionId":"27","nodeType":"n8n-nodes-base.filter","nodeName":"Filter","nodeId":"41959af4-f929-42fc-9046-323eddeefb72"}}
{"__type":"$$EventMessageConfirm","confirm":"30eb958f-69b2-417d-afd6-1253209a4e59","ts":"2026-04-17T10:50:11.676-04:00","source":{"id":"0","name":"eventBus"}}
{"__type":"$$EventMessageNode","id":"98c45022-678e-46d7-ae4f-765bf1fdaadb","ts":"2026-04-17T10:50:11.677-04:00","eventName":"n8n.node.finished","message":"n8n.node.finished","payload":{"workflowId":"5zOIYuMu63ZgsxYI","workflowName":"slr flow","executionId":"27","nodeType":"n8n-nodes-base.filter","nodeName":"Filter","nodeId":"41959af4-f929-42fc-9046-323eddeefb72"}}
{"__type":"$$EventMessageConfirm","confirm":"98c45022-678e-46d7-ae4f-765bf1fdaadb","ts":"2026-04-17T10:50:11.677-04:00","source":{"id":"0","name":"eventBus"}}
{"__type":"$$EventMessageNode","id":"1f62c253-8da2-40a0-a695-31e066e9fd4f","ts":"2026-04-17T10:50:11.677-04:00","eventName":"n8n.node.started","message":"n8n.node.started","payload":{"workflowId":"5zOIYuMu63ZgsxYI","workflowName":"slr flow","executionId":"27","nodeType":"n8n-nodes-base.httpRequest","nodeName":"HTTP Request","nodeId":"629d764b-b230-4e71-aced-20ee44a3a821"}}
{"__type":"$$EventMessageConfirm","confirm":"1f62c253-8da2-40a0-a695-31e066e9fd4f","ts":"2026-04-17T10:50:11.677-04:00","source":{"id":"0","name":"eventBus"}}
{"__type":"$$EventMessageNode","id":"def55ec5-7a38-4731-85f0-193fa9d88d4a","ts":"2026-04-17T10:50:11.696-04:00","eventName":"n8n.node.finished","message":"n8n.node.finished","payload":{"workflowId":"5zOIYuMu63ZgsxYI","workflowName":"slr flow","executionId":"27","nodeType":"n8n-nodes-base.httpRequest","nodeName":"HTTP Request","nodeId":"629d764b-b230-4e71-aced-20ee44a3a821"}}
{"__type":"$$EventMessageConfirm","confirm":"def55ec5-7a38-4731-85f0-193fa9d88d4a","ts":"2026-04-17T10:50:11.696-04:00","source":{"id":"0","name":"eventBus"}}
{"__type":"$$EventMessageWorkflow","id":"74638ad7-563a-41ac-b935-afa873c40f51","ts":"2026-04-17T10:50:11.696-04:00","eventName":"n8n.workflow.failed","message":"n8n.workflow.failed","payload":{"executionId":"27","success":false,"isManual":false,"mode":"trigger","workflowId":"5zOIYuMu63ZgsxYI","workflowName":"slr flow","lastNodeExecuted":"HTTP Request","errorNodeType":"n8n-nodes-base.httpRequest","errorMessage":"The service was not able to process your request"}}
{"__type":"$$EventMessageConfirm","confirm":"74638ad7-563a-41ac-b935-afa873c40f51","ts":"2026-04-17T10:50:11.696-04:00","source":{"id":"0","name":"eventBus"}}
{"__type":"$$EventMessageWorkflow","id":"436999e0-d701-4f15-9c9f-790caf65e437","ts":"2026-04-17T10:56:11.040-04:00","eventName":"n8n.workflow.started","message":"n8n.workflow.started","payload":{"executionId":"28","workflowId":"5zOIYuMu63ZgsxYI","isManual":false,"mode":"trigger","workflowName":"slr flow"}}
{"__type":"$$EventMessageConfirm","confirm":"436999e0-d701-4f15-9c9f-790caf65e437","ts":"2026-04-17T10:56:11.040-04:00","source":{"id":"0","name":"eventBus"}}
{"__type":"$$EventMessageNode","id":"6020687a-426e-4863-a035-fdde97bbac75","ts":"2026-04-17T10:56:11.040-04:00","eventName":"n8n.node.started","message":"n8n.node.started","payload":{"workflowId":"5zOIYuMu63ZgsxYI","workflowName":"slr flow","executionId":"28","nodeType":"n8n-nodes-base.googleSheetsTrigger","nodeName":"Google Sheets Trigger","nodeId":"a55f10d5-e1da-4efb-b96d-38d8bf72e498"}}
{"__type":"$$EventMessageConfirm","confirm":"6020687a-426e-4863-a035-fdde97bbac75","ts":"2026-04-17T10:56:11.040-04:00","source":{"id":"0","name":"eventBus"}}
{"__type":"$$EventMessageNode","id":"5f39f71f-ed89-4715-8a74-327fcda187d3","ts":"2026-04-17T10:56:11.040-04:00","eventName":"n8n.node.finished","message":"n8n.node.finished","payload":{"workflowId":"5zOIYuMu63ZgsxYI","workflowName":"slr flow","executionId":"28","nodeType":"n8n-nodes-base.googleSheetsTrigger","nodeName":"Google Sheets Trigger","nodeId":"a55f10d5-e1da-4efb-b96d-38d8bf72e498"}}
{"__type":"$$EventMessageConfirm","confirm":"5f39f71f-ed89-4715-8a74-327fcda187d3","ts":"2026-04-17T10:56:11.040-04:00","source":{"id":"0","name":"eventBus"}}
{"__type":"$$EventMessageNode","id":"a4f88206-9716-4f68-b397-cd4b9f0f30ea","ts":"2026-04-17T10:56:11.040-04:00","eventName":"n8n.node.started","message":"n8n.node.started","payload":{"workflowId":"5zOIYuMu63ZgsxYI","workflowName":"slr flow","executionId":"28","nodeType":"n8n-nodes-base.filter","nodeName":"Filter","nodeId":"41959af4-f929-42fc-9046-323eddeefb72"}}
{"__type":"$$EventMessageConfirm","confirm":"a4f88206-9716-4f68-b397-cd4b9f0f30ea","ts":"2026-04-17T10:56:11.040-04:00","source":{"id":"0","name":"eventBus"}}
{"__type":"$$EventMessageNode","id":"fb1c864a-0aa4-415c-961d-36f8fa1c87e4","ts":"2026-04-17T10:56:11.041-04:00","eventName":"n8n.node.finished","message":"n8n.node.finished","payload":{"workflowId":"5zOIYuMu63ZgsxYI","workflowName":"slr flow","executionId":"28","nodeType":"n8n-nodes-base.filter","nodeName":"Filter","nodeId":"41959af4-f929-42fc-9046-323eddeefb72"}}
{"__type":"$$EventMessageConfirm","confirm":"fb1c864a-0aa4-415c-961d-36f8fa1c87e4","ts":"2026-04-17T10:56:11.041-04:00","source":{"id":"0","name":"eventBus"}}
{"__type":"$$EventMessageNode","id":"451512eb-5872-45e1-b514-7e46891cd3d6","ts":"2026-04-17T10:56:11.041-04:00","eventName":"n8n.node.started","message":"n8n.node.started","payload":{"workflowId":"5zOIYuMu63ZgsxYI","workflowName":"slr flow","executionId":"28","nodeType":"n8n-nodes-base.httpRequest","nodeName":"HTTP Request","nodeId":"629d764b-b230-4e71-aced-20ee44a3a821"}}
{"__type":"$$EventMessageConfirm","confirm":"451512eb-5872-45e1-b514-7e46891cd3d6","ts":"2026-04-17T10:56:11.041-04:00","source":{"id":"0","name":"eventBus"}}
{"__type":"$$EventMessageNode","id":"2de2101a-acaf-4396-9671-812651cf0af2","ts":"2026-04-17T10:56:11.681-04:00","eventName":"n8n.node.finished","message":"n8n.node.finished","payload":{"workflowId":"5zOIYuMu63ZgsxYI","workflowName":"slr flow","executionId":"28","nodeType":"n8n-nodes-base.httpRequest","nodeName":"HTTP Request","nodeId":"629d764b-b230-4e71-aced-20ee44a3a821"}}
{"__type":"$$EventMessageConfirm","confirm":"2de2101a-acaf-4396-9671-812651cf0af2","ts":"2026-04-17T10:56:11.681-04:00","source":{"id":"0","name":"eventBus"}}
{"__type":"$$EventMessageNode","id":"0c441644-2564-40a4-8a68-77cfdee9395a","ts":"2026-04-17T10:56:11.681-04:00","eventName":"n8n.node.started","message":"n8n.node.started","payload":{"workflowId":"5zOIYuMu63ZgsxYI","workflowName":"slr flow","executionId":"28","nodeType":"n8n-nodes-base.googleSheets","nodeName":"Update row in sheet","nodeId":"c83a4f77-837d-431b-ba5c-b311e80e2d65"}}
{"__type":"$$EventMessageConfirm","confirm":"0c441644-2564-40a4-8a68-77cfdee9395a","ts":"2026-04-17T10:56:11.681-04:00","source":{"id":"0","name":"eventBus"}}
{"__type":"$$EventMessageNode","id":"a24bb371-fe1f-4e35-a7d6-fd9a13096007","ts":"2026-04-17T10:56:12.660-04:00","eventName":"n8n.node.finished","message":"n8n.node.finished","payload":{"workflowId":"5zOIYuMu63ZgsxYI","workflowName":"slr flow","executionId":"28","nodeType":"n8n-nodes-base.googleSheets","nodeName":"Update row in sheet","nodeId":"c83a4f77-837d-431b-ba5c-b311e80e2d65"}}
{"__type":"$$EventMessageConfirm","confirm":"a24bb371-fe1f-4e35-a7d6-fd9a13096007","ts":"2026-04-17T10:56:12.660-04:00","source":{"id":"0","name":"eventBus"}}
{"__type":"$$EventMessageWorkflow","id":"6ad416b7-500e-4b85-842f-9344d7493150","ts":"2026-04-17T10:56:12.661-04:00","eventName":"n8n.workflow.success","message":"n8n.workflow.success","payload":{"executionId":"28","success":true,"isManual":false,"mode":"trigger","workflowId":"5zOIYuMu63ZgsxYI","workflowName":"slr flow"}}
{"__type":"$$EventMessageConfirm","confirm":"6ad416b7-500e-4b85-842f-9344d7493150","ts":"2026-04-17T10:56:12.661-04:00","source":{"id":"0","name":"eventBus"}}
